<?xml version="1.0" encoding="UTF-8"?>
<!-- Generated by org.testng.reporters.JUnitXMLReporter -->
<testsuite hostname="WIN-EMKH1NC1HHO" failures="0" tests="13" name="GatewayWebbApp" time="55.116" errors="0" timestamp="24 Dec 2020 19:31:28 GMT">
  <testcase classname="com.GatewayWebAppTestCases.LoginPgTestCases" name="ImageValidationTest" time="0.084"/>
  <testcase classname="com.GatewayWebAppTestCases.LoginPgTestCases" name="CloseButtonValidationTest" time="0.095"/>
  <testcase classname="com.GatewayWebAppTestCases.LoginPgTestCases" name="LoginValidationTest" time="0.358"/>
  <testcase classname="com.GatewayWebAppTestCases.LoginPgTestCases" name="InvalidUserLoginValidationTest" time="0.351"/>
  <testcase classname="com.GatewayWebAppTestCases.LoginPgTestCases" name="InvalidPasswordLoginValidationTest" time="0.36"/>
  <testcase classname="com.GatewayWebAppTestCases.LoginPgTestCases" name="RememberMeValidationTest" time="0.052"/>
  <testcase classname="com.GatewayWebAppTestCases.LoginPgTestCases" name="ForgotPasswordValidationTest" time="0.049"/>
  <testcase classname="com.GatewayWebAppTestCases.PortalPgTestCases" name="CloudValidationTest" time="0.334"/>
  <testcase classname="com.GatewayWebAppTestCases.PortalPgTestCases" name="ZomatoValidationTest" time="0.335"/>
  <testcase classname="com.GatewayWebAppTestCases.PortalPgTestCases" name="RediffValidationTest" time="0.333"/>
  <testcase classname="com.GatewayWebAppTestCases.PortalPgTestCases" name="KotakValidationTest" time="0.332"/>
  <testcase classname="com.GatewayWebAppTestCases.PortalPgTestCases" name="QuickerValidationTest" time="0.354"/>
  <testcase classname="com.GatewayWebAppTestCases.PortalPgTestCases" name="BenzValidationTest" time="0.314"/>
</testsuite> <!-- GatewayWebbApp -->
