<?xml version="1.0" encoding="UTF-8"?>
<!-- Generated by org.testng.reporters.JUnitXMLReporter -->
<testsuite ignored="0" hostname="WIN-EMKH1NC1HHO" failures="0" tests="2" name="SeleniumEasy TestCases" time="16.884" errors="0" timestamp="2020-12-24T14:30:19 EST">
  <testcase classname="com.SeleniumEasy.Test.SeleniumEasyHomePgTestCases" name="DemoHomeTest" time="0.705"/>
  <testcase classname="com.SeleniumEasy.Test.SeleniumEasyHomePgTestCases" name="SimpleForm" time="1.417"/>
</testsuite> <!-- SeleniumEasy TestCases -->
