<?xml version="1.0" encoding="UTF-8"?>
<!-- Generated by org.testng.reporters.JUnitXMLReporter -->
<testsuite hostname="WIN-EMKH1NC1HHO" failures="0" tests="13" name="Default test" time="54.939" errors="0" timestamp="21 Dec 2020 17:46:07 GMT">
  <testcase classname="com.GatewayWebAppTestCases.LoginPgTestCases" name="ImageValidationTest" time="0.097"/>
  <testcase classname="com.GatewayWebAppTestCases.LoginPgTestCases" name="CloseButtonValidationTest" time="0.099"/>
  <testcase classname="com.GatewayWebAppTestCases.LoginPgTestCases" name="LoginValidationTest" time="0.417"/>
  <testcase classname="com.GatewayWebAppTestCases.LoginPgTestCases" name="InvalidUserLoginValidationTest" time="0.345"/>
  <testcase classname="com.GatewayWebAppTestCases.LoginPgTestCases" name="InvalidPasswordLoginValidationTest" time="0.379"/>
  <testcase classname="com.GatewayWebAppTestCases.LoginPgTestCases" name="RememberMeValidationTest" time="0.058"/>
  <testcase classname="com.GatewayWebAppTestCases.LoginPgTestCases" name="ForgotPasswordValidationTest" time="0.049"/>
  <testcase classname="com.GatewayWebAppTestCases.PortalPgTestCases" name="CloudValidationTest" time="0.337"/>
  <testcase classname="com.GatewayWebAppTestCases.PortalPgTestCases" name="ZomatoValidationTest" time="0.344"/>
  <testcase classname="com.GatewayWebAppTestCases.PortalPgTestCases" name="RediffValidationTest" time="0.335"/>
  <testcase classname="com.GatewayWebAppTestCases.PortalPgTestCases" name="KotakValidationTest" time="0.331"/>
  <testcase classname="com.GatewayWebAppTestCases.PortalPgTestCases" name="QuickerValidationTest" time="0.355"/>
  <testcase classname="com.GatewayWebAppTestCases.PortalPgTestCases" name="BenzValidationTest" time="0.387"/>
</testsuite> <!-- Default test -->
