<?xml version="1.0" encoding="UTF-8"?>
<testng-results total="13" passed="13" failed="0" skipped="0">
  <reporter-output>
  </reporter-output>
  <suite started-at="2020-12-24T19:30:32Z" name="GatewayWebAppTestAutomationSuite" finished-at="2020-12-24T19:31:28Z" duration-ms="55116">
    <groups>
    </groups>
    <test started-at="2020-12-24T19:30:32Z" name="GatewayWebbApp" finished-at="2020-12-24T19:31:28Z" duration-ms="55116">
      <class name="com.GatewayWebAppTestCases.LoginPgTestCases">
        <test-method is-config="true" signature="setup()[pri:0, instance:com.GatewayWebAppTestCases.LoginPgTestCases@650eab8]" started-at="2020-12-24T14:30:32Z" name="setup" finished-at="2020-12-24T14:30:36Z" duration-ms="3750" status="PASS">
          <reporter-output>
          </reporter-output>
        </test-method> <!-- setup -->
        <test-method signature="ImageValidationTest()[pri:0, instance:com.GatewayWebAppTestCases.LoginPgTestCases@650eab8]" started-at="2020-12-24T14:30:36Z" name="ImageValidationTest" finished-at="2020-12-24T14:30:36Z" duration-ms="84" status="PASS">
          <reporter-output>
          </reporter-output>
        </test-method> <!-- ImageValidationTest -->
        <test-method is-config="true" signature="TearDown()[pri:0, instance:com.GatewayWebAppTestCases.LoginPgTestCases@650eab8]" started-at="2020-12-24T14:30:36Z" name="TearDown" finished-at="2020-12-24T14:30:37Z" duration-ms="598" status="PASS">
          <reporter-output>
          </reporter-output>
        </test-method> <!-- TearDown -->
        <test-method is-config="true" signature="setup()[pri:0, instance:com.GatewayWebAppTestCases.LoginPgTestCases@650eab8]" started-at="2020-12-24T14:30:37Z" name="setup" finished-at="2020-12-24T14:30:40Z" duration-ms="3290" status="PASS">
          <reporter-output>
          </reporter-output>
        </test-method> <!-- setup -->
        <test-method signature="CloseButtonValidationTest()[pri:0, instance:com.GatewayWebAppTestCases.LoginPgTestCases@650eab8]" started-at="2020-12-24T14:30:40Z" name="CloseButtonValidationTest" finished-at="2020-12-24T14:30:40Z" duration-ms="95" status="PASS">
          <reporter-output>
          </reporter-output>
        </test-method> <!-- CloseButtonValidationTest -->
        <test-method is-config="true" signature="TearDown()[pri:0, instance:com.GatewayWebAppTestCases.LoginPgTestCases@650eab8]" started-at="2020-12-24T14:30:40Z" name="TearDown" finished-at="2020-12-24T14:30:41Z" duration-ms="588" status="PASS">
          <reporter-output>
          </reporter-output>
        </test-method> <!-- TearDown -->
        <test-method is-config="true" signature="setup()[pri:0, instance:com.GatewayWebAppTestCases.LoginPgTestCases@650eab8]" started-at="2020-12-24T14:30:41Z" name="setup" finished-at="2020-12-24T14:30:44Z" duration-ms="3559" status="PASS">
          <reporter-output>
          </reporter-output>
        </test-method> <!-- setup -->
        <test-method signature="LoginValidationTest()[pri:0, instance:com.GatewayWebAppTestCases.LoginPgTestCases@650eab8]" started-at="2020-12-24T14:30:44Z" name="LoginValidationTest" finished-at="2020-12-24T14:30:45Z" duration-ms="358" status="PASS">
          <reporter-output>
          </reporter-output>
        </test-method> <!-- LoginValidationTest -->
        <test-method is-config="true" signature="TearDown()[pri:0, instance:com.GatewayWebAppTestCases.LoginPgTestCases@650eab8]" started-at="2020-12-24T14:30:45Z" name="TearDown" finished-at="2020-12-24T14:30:45Z" duration-ms="599" status="PASS">
          <reporter-output>
          </reporter-output>
        </test-method> <!-- TearDown -->
        <test-method is-config="true" signature="setup()[pri:0, instance:com.GatewayWebAppTestCases.LoginPgTestCases@650eab8]" started-at="2020-12-24T14:30:45Z" name="setup" finished-at="2020-12-24T14:30:49Z" duration-ms="3303" status="PASS">
          <reporter-output>
          </reporter-output>
        </test-method> <!-- setup -->
        <test-method signature="InvalidUserLoginValidationTest()[pri:0, instance:com.GatewayWebAppTestCases.LoginPgTestCases@650eab8]" started-at="2020-12-24T14:30:49Z" name="InvalidUserLoginValidationTest" finished-at="2020-12-24T14:30:49Z" duration-ms="351" status="PASS">
          <reporter-output>
          </reporter-output>
        </test-method> <!-- InvalidUserLoginValidationTest -->
        <test-method is-config="true" signature="TearDown()[pri:0, instance:com.GatewayWebAppTestCases.LoginPgTestCases@650eab8]" started-at="2020-12-24T14:30:49Z" name="TearDown" finished-at="2020-12-24T14:30:50Z" duration-ms="1230" status="PASS">
          <reporter-output>
          </reporter-output>
        </test-method> <!-- TearDown -->
        <test-method is-config="true" signature="setup()[pri:0, instance:com.GatewayWebAppTestCases.LoginPgTestCases@650eab8]" started-at="2020-12-24T14:30:50Z" name="setup" finished-at="2020-12-24T14:30:54Z" duration-ms="3261" status="PASS">
          <reporter-output>
          </reporter-output>
        </test-method> <!-- setup -->
        <test-method signature="InvalidPasswordLoginValidationTest()[pri:0, instance:com.GatewayWebAppTestCases.LoginPgTestCases@650eab8]" started-at="2020-12-24T14:30:54Z" name="InvalidPasswordLoginValidationTest" finished-at="2020-12-24T14:30:54Z" duration-ms="360" status="PASS">
          <reporter-output>
          </reporter-output>
        </test-method> <!-- InvalidPasswordLoginValidationTest -->
        <test-method is-config="true" signature="TearDown()[pri:0, instance:com.GatewayWebAppTestCases.LoginPgTestCases@650eab8]" started-at="2020-12-24T14:30:54Z" name="TearDown" finished-at="2020-12-24T14:30:54Z" duration-ms="590" status="PASS">
          <reporter-output>
          </reporter-output>
        </test-method> <!-- TearDown -->
        <test-method is-config="true" signature="setup()[pri:0, instance:com.GatewayWebAppTestCases.LoginPgTestCases@650eab8]" started-at="2020-12-24T14:30:54Z" name="setup" finished-at="2020-12-24T14:30:58Z" duration-ms="3260" status="PASS">
          <reporter-output>
          </reporter-output>
        </test-method> <!-- setup -->
        <test-method signature="RememberMeValidationTest()[pri:0, instance:com.GatewayWebAppTestCases.LoginPgTestCases@650eab8]" started-at="2020-12-24T14:30:58Z" name="RememberMeValidationTest" finished-at="2020-12-24T14:30:58Z" duration-ms="52" status="PASS">
          <reporter-output>
          </reporter-output>
        </test-method> <!-- RememberMeValidationTest -->
        <test-method is-config="true" signature="TearDown()[pri:0, instance:com.GatewayWebAppTestCases.LoginPgTestCases@650eab8]" started-at="2020-12-24T14:30:58Z" name="TearDown" finished-at="2020-12-24T14:30:58Z" duration-ms="594" status="PASS">
          <reporter-output>
          </reporter-output>
        </test-method> <!-- TearDown -->
        <test-method is-config="true" signature="setup()[pri:0, instance:com.GatewayWebAppTestCases.LoginPgTestCases@650eab8]" started-at="2020-12-24T14:30:58Z" name="setup" finished-at="2020-12-24T14:31:02Z" duration-ms="3249" status="PASS">
          <reporter-output>
          </reporter-output>
        </test-method> <!-- setup -->
        <test-method signature="ForgotPasswordValidationTest()[pri:0, instance:com.GatewayWebAppTestCases.LoginPgTestCases@650eab8]" started-at="2020-12-24T14:31:02Z" name="ForgotPasswordValidationTest" finished-at="2020-12-24T14:31:02Z" duration-ms="49" status="PASS">
          <reporter-output>
          </reporter-output>
        </test-method> <!-- ForgotPasswordValidationTest -->
        <test-method is-config="true" signature="TearDown()[pri:0, instance:com.GatewayWebAppTestCases.LoginPgTestCases@650eab8]" started-at="2020-12-24T14:31:02Z" name="TearDown" finished-at="2020-12-24T14:31:02Z" duration-ms="592" status="PASS">
          <reporter-output>
          </reporter-output>
        </test-method> <!-- TearDown -->
      </class> <!-- com.GatewayWebAppTestCases.LoginPgTestCases -->
      <class name="com.GatewayWebAppTestCases.PortalPgTestCases">
        <test-method is-config="true" signature="setup()[pri:0, instance:com.GatewayWebAppTestCases.PortalPgTestCases@60f7cc1d]" started-at="2020-12-24T14:31:02Z" name="setup" finished-at="2020-12-24T14:31:06Z" duration-ms="3247" status="PASS">
          <reporter-output>
          </reporter-output>
        </test-method> <!-- setup -->
        <test-method signature="CloudValidationTest()[pri:0, instance:com.GatewayWebAppTestCases.PortalPgTestCases@60f7cc1d]" started-at="2020-12-24T14:31:06Z" name="CloudValidationTest" finished-at="2020-12-24T14:31:06Z" duration-ms="334" status="PASS">
          <reporter-output>
          </reporter-output>
        </test-method> <!-- CloudValidationTest -->
        <test-method is-config="true" signature="TearDown()[pri:0, instance:com.GatewayWebAppTestCases.PortalPgTestCases@60f7cc1d]" started-at="2020-12-24T14:31:06Z" name="TearDown" finished-at="2020-12-24T14:31:06Z" duration-ms="599" status="PASS">
          <reporter-output>
          </reporter-output>
        </test-method> <!-- TearDown -->
        <test-method is-config="true" signature="setup()[pri:0, instance:com.GatewayWebAppTestCases.PortalPgTestCases@60f7cc1d]" started-at="2020-12-24T14:31:06Z" name="setup" finished-at="2020-12-24T14:31:10Z" duration-ms="3241" status="PASS">
          <reporter-output>
          </reporter-output>
        </test-method> <!-- setup -->
        <test-method signature="ZomatoValidationTest()[pri:0, instance:com.GatewayWebAppTestCases.PortalPgTestCases@60f7cc1d]" started-at="2020-12-24T14:31:10Z" name="ZomatoValidationTest" finished-at="2020-12-24T14:31:10Z" duration-ms="335" status="PASS">
          <reporter-output>
          </reporter-output>
        </test-method> <!-- ZomatoValidationTest -->
        <test-method is-config="true" signature="TearDown()[pri:0, instance:com.GatewayWebAppTestCases.PortalPgTestCases@60f7cc1d]" started-at="2020-12-24T14:31:10Z" name="TearDown" finished-at="2020-12-24T14:31:11Z" duration-ms="590" status="PASS">
          <reporter-output>
          </reporter-output>
        </test-method> <!-- TearDown -->
        <test-method is-config="true" signature="setup()[pri:0, instance:com.GatewayWebAppTestCases.PortalPgTestCases@60f7cc1d]" started-at="2020-12-24T14:31:11Z" name="setup" finished-at="2020-12-24T14:31:14Z" duration-ms="3255" status="PASS">
          <reporter-output>
          </reporter-output>
        </test-method> <!-- setup -->
        <test-method signature="RediffValidationTest()[pri:0, instance:com.GatewayWebAppTestCases.PortalPgTestCases@60f7cc1d]" started-at="2020-12-24T14:31:14Z" name="RediffValidationTest" finished-at="2020-12-24T14:31:14Z" duration-ms="333" status="PASS">
          <reporter-output>
          </reporter-output>
        </test-method> <!-- RediffValidationTest -->
        <test-method is-config="true" signature="TearDown()[pri:0, instance:com.GatewayWebAppTestCases.PortalPgTestCases@60f7cc1d]" started-at="2020-12-24T14:31:14Z" name="TearDown" finished-at="2020-12-24T14:31:15Z" duration-ms="602" status="PASS">
          <reporter-output>
          </reporter-output>
        </test-method> <!-- TearDown -->
        <test-method is-config="true" signature="setup()[pri:0, instance:com.GatewayWebAppTestCases.PortalPgTestCases@60f7cc1d]" started-at="2020-12-24T14:31:15Z" name="setup" finished-at="2020-12-24T14:31:18Z" duration-ms="3263" status="PASS">
          <reporter-output>
          </reporter-output>
        </test-method> <!-- setup -->
        <test-method signature="KotakValidationTest()[pri:0, instance:com.GatewayWebAppTestCases.PortalPgTestCases@60f7cc1d]" started-at="2020-12-24T14:31:18Z" name="KotakValidationTest" finished-at="2020-12-24T14:31:18Z" duration-ms="332" status="PASS">
          <reporter-output>
          </reporter-output>
        </test-method> <!-- KotakValidationTest -->
        <test-method is-config="true" signature="TearDown()[pri:0, instance:com.GatewayWebAppTestCases.PortalPgTestCases@60f7cc1d]" started-at="2020-12-24T14:31:18Z" name="TearDown" finished-at="2020-12-24T14:31:19Z" duration-ms="598" status="PASS">
          <reporter-output>
          </reporter-output>
        </test-method> <!-- TearDown -->
        <test-method is-config="true" signature="setup()[pri:0, instance:com.GatewayWebAppTestCases.PortalPgTestCases@60f7cc1d]" started-at="2020-12-24T14:31:19Z" name="setup" finished-at="2020-12-24T14:31:22Z" duration-ms="3390" status="PASS">
          <reporter-output>
          </reporter-output>
        </test-method> <!-- setup -->
        <test-method signature="QuickerValidationTest()[pri:0, instance:com.GatewayWebAppTestCases.PortalPgTestCases@60f7cc1d]" started-at="2020-12-24T14:31:22Z" name="QuickerValidationTest" finished-at="2020-12-24T14:31:23Z" duration-ms="354" status="PASS">
          <reporter-output>
          </reporter-output>
        </test-method> <!-- QuickerValidationTest -->
        <test-method is-config="true" signature="TearDown()[pri:0, instance:com.GatewayWebAppTestCases.PortalPgTestCases@60f7cc1d]" started-at="2020-12-24T14:31:23Z" name="TearDown" finished-at="2020-12-24T14:31:23Z" duration-ms="592" status="PASS">
          <reporter-output>
          </reporter-output>
        </test-method> <!-- TearDown -->
        <test-method is-config="true" signature="setup()[pri:0, instance:com.GatewayWebAppTestCases.PortalPgTestCases@60f7cc1d]" started-at="2020-12-24T14:31:23Z" name="setup" finished-at="2020-12-24T14:31:27Z" duration-ms="3302" status="PASS">
          <reporter-output>
          </reporter-output>
        </test-method> <!-- setup -->
        <test-method signature="BenzValidationTest()[pri:0, instance:com.GatewayWebAppTestCases.PortalPgTestCases@60f7cc1d]" started-at="2020-12-24T14:31:27Z" name="BenzValidationTest" finished-at="2020-12-24T14:31:27Z" duration-ms="314" status="PASS">
          <reporter-output>
          </reporter-output>
        </test-method> <!-- BenzValidationTest -->
        <test-method is-config="true" signature="TearDown()[pri:0, instance:com.GatewayWebAppTestCases.PortalPgTestCases@60f7cc1d]" started-at="2020-12-24T14:31:27Z" name="TearDown" finished-at="2020-12-24T14:31:28Z" duration-ms="586" status="PASS">
          <reporter-output>
          </reporter-output>
        </test-method> <!-- TearDown -->
      </class> <!-- com.GatewayWebAppTestCases.PortalPgTestCases -->
    </test> <!-- GatewayWebbApp -->
  </suite> <!-- GatewayWebAppTestAutomationSuite -->
</testng-results>
