<?xml version="1.0" encoding="UTF-8"?>
<testng-results ignored="0" total="2" passed="2" failed="0" skipped="0">
  <reporter-output>
  </reporter-output>
  <suite started-at="2020-12-24T14:30:02 EST" name="SeleniumEasyTestAutomationSuite" finished-at="2020-12-24T14:30:19 EST" duration-ms="16884">
    <groups>
    </groups>
    <test started-at="2020-12-24T14:30:02 EST" name="SeleniumEasy TestCases" finished-at="2020-12-24T14:30:19 EST" duration-ms="16884">
      <class name="com.SeleniumEasy.Test.SeleniumEasyHomePgTestCases">
        <test-method is-config="true" signature="Setup()[pri:0, instance:com.SeleniumEasy.Test.SeleniumEasyHomePgTestCases@4b79ac84]" started-at="2020-12-24T14:30:02 EST" name="Setup" finished-at="2020-12-24T14:30:09 EST" duration-ms="7542" status="PASS">
          <reporter-output>
          </reporter-output>
        </test-method> <!-- Setup -->
        <test-method signature="DemoHomeTest()[pri:1, instance:com.SeleniumEasy.Test.SeleniumEasyHomePgTestCases@4b79ac84]" started-at="2020-12-24T14:30:09 EST" name="DemoHomeTest" finished-at="2020-12-24T14:30:10 EST" duration-ms="705" status="PASS">
          <reporter-output>
          </reporter-output>
        </test-method> <!-- DemoHomeTest -->
        <test-method is-config="true" signature="Setup()[pri:0, instance:com.SeleniumEasy.Test.SeleniumEasyHomePgTestCases@4b79ac84]" started-at="2020-12-24T14:30:10 EST" name="Setup" finished-at="2020-12-24T14:30:16 EST" duration-ms="6083" status="PASS">
          <reporter-output>
          </reporter-output>
        </test-method> <!-- Setup -->
        <test-method signature="SimpleForm()[pri:2, instance:com.SeleniumEasy.Test.SeleniumEasyHomePgTestCases@4b79ac84]" started-at="2020-12-24T14:30:16 EST" name="SimpleForm" finished-at="2020-12-24T14:30:18 EST" duration-ms="1417" status="PASS">
          <reporter-output>
          </reporter-output>
        </test-method> <!-- SimpleForm -->
        <test-method is-config="true" signature="TearDown()[pri:0, instance:com.SeleniumEasy.Test.SeleniumEasyHomePgTestCases@4b79ac84]" started-at="2020-12-24T14:30:18 EST" name="TearDown" finished-at="2020-12-24T14:30:19 EST" duration-ms="1095" status="PASS">
          <reporter-output>
          </reporter-output>
        </test-method> <!-- TearDown -->
      </class> <!-- com.SeleniumEasy.Test.SeleniumEasyHomePgTestCases -->
    </test> <!-- SeleniumEasy TestCases -->
  </suite> <!-- SeleniumEasyTestAutomationSuite -->
</testng-results>
