-------------------------------------------------------------------------------
Test set: com.GatewayWebAppTestCases.jqueryTestCase
-------------------------------------------------------------------------------
Tests run: 3, Failures: 1, Errors: 0, Skipped: 2, Time elapsed: 0.493 s <<< FAILURE! - in com.GatewayWebAppTestCases.jqueryTestCase
setup(com.GatewayWebAppTestCases.jqueryTestCase)  Time elapsed: 0.369 s  <<< FAILURE!
java.lang.NoSuchMethodError: 'void com.google.common.base.Preconditions.checkState(boolean, java.lang.String, java.lang.Object, java.lang.Object, java.lang.Object)'
	at com.GatewayWebAppTestCases.jqueryTestCase.setup(jqueryTestCase.java:21)

