<?xml version="1.0" encoding="UTF-8"?>
<testsuite xmlns:xsi="http://www.w3.org/2001/XMLSchema-instance" xsi:noNamespaceSchemaLocation="https://maven.apache.org/surefire/maven-surefire-plugin/xsd/surefire-test-report.xsd" name="com.GatewayWebAppTestCases.jqueryTestCase" time="0.493" tests="3" errors="0" skipped="2" failures="1">
  <properties>
[...]
</properties>
  <testcase name="setup" classname="com.GatewayWebAppTestCases.jqueryTestCase" time="0.369">
    <failure message="&apos;void com.google.common.base.Preconditions.checkState(boolean, java.lang.String, java.lang.Object, java.lang.Object, java.lang.Object)&apos;" type="java.lang.NoSuchMethodError">java.lang.NoSuchMethodError: 'void com.google.common.base.Preconditions.checkState(boolean, java.lang.String, java.lang.Object, java.lang.Object, java.lang.Object)'
	at com.GatewayWebAppTestCases.jqueryTestCase.setup(jqueryTestCase.java:21)
</failure>
  </testcase>
  <testcase name="Loginj" classname="com.GatewayWebAppTestCases.jqueryTestCase" time="0">
    <skipped/>
  </testcase>
  <testcase name="TearDown" classname="com.GatewayWebAppTestCases.jqueryTestCase" time="0">
    <skipped/>
  </testcase>
</testsuite>